<?xml version="1.0" encoding="UTF-8"?>
<!-- Generated by org.testng.reporters.JUnitReportReporter -->
<testsuite hostname="Vivek-PC" failures="0" tests="2" name="test.ExtentReportDemoWithTestNG" time="0.550" errors="0" timestamp="04 Aug 2019 13:56:26 GMT" skipped="0">
  <testcase classname="test.ExtentReportDemoWithTestNG" name="test1" time="0.548"/>
  <testcase classname="test.ExtentReportDemoWithTestNG" name="test2" time="0.002"/>
</testsuite> <!-- test.ExtentReportDemoWithTestNG -->
