<?xml version="1.0" encoding="UTF-8"?>
<!-- Generated by org.testng.reporters.JUnitReportReporter -->
<testsuite hostname="Vivek-PC" failures="0" tests="3" name="Demo.TestNGDependencyDemo" time="0.010" errors="0" timestamp="02 Sep 2019 14:36:45 GMT" skipped="0">
  <testcase classname="Demo.TestNGDependencyDemo" name="test2" time="0.008"/>
  <testcase classname="Demo.TestNGDependencyDemo" name="test1" time="0.001"/>
  <testcase classname="Demo.TestNGDependencyDemo" name="test3" time="0.001"/>
</testsuite> <!-- Demo.TestNGDependencyDemo -->
