<?xml version="1.0" encoding="UTF-8"?>
<!-- Generated by org.testng.reporters.JUnitReportReporter -->
<testsuite hostname="Vivek-PC" failures="0" tests="3" name="Demo.TestNGPriorityDemo" time="0.011" errors="0" timestamp="18 Aug 2019 15:34:16 GMT" skipped="0">
  <testcase classname="Demo.TestNGPriorityDemo" name="two" time="0.001"/>
  <testcase classname="Demo.TestNGPriorityDemo" name="three" time="0.009"/>
  <testcase classname="Demo.TestNGPriorityDemo" name="one" time="0.001"/>
</testsuite> <!-- Demo.TestNGPriorityDemo -->
