<?xml version="1.0" encoding="UTF-8"?>
<!-- Generated by org.testng.reporters.JUnitReportReporter -->
<testsuite hostname="Vivek-PC" failures="0" tests="2" name="Demo.TestNGIgnoreDemo" time="0.012" errors="0" timestamp="06 Sep 2019 15:10:52 GMT" skipped="1">
  <testcase classname="Demo.TestNGIgnoreDemo" name="Test2" time="0.012"/>
  <testcase classname="Demo.TestNGIgnoreDemo" name="Test1">
    <skipped/>
  </testcase> <!-- Test1 -->
</testsuite> <!-- Demo.TestNGIgnoreDemo -->
