<?xml version="1.0" encoding="UTF-8"?>
<!-- Generated by org.testng.reporters.JUnitReportReporter -->
<testsuite hostname="Vivek-PC" failures="0" tests="3" name="Demo.TestNGMultiBrowserDemo" time="14.301" errors="0" timestamp="02 Sep 2019 13:45:12 GMT" skipped="0">
  <testcase classname="Demo.TestNGMultiBrowserDemo" name="test1" time="4.934"/>
  <testcase classname="Demo.TestNGMultiBrowserDemo" name="test1" time="4.840"/>
  <testcase classname="Demo.TestNGMultiBrowserDemo" name="test1" time="4.527"/>
</testsuite> <!-- Demo.TestNGMultiBrowserDemo -->
