<?xml version="1.0" encoding="UTF-8"?>
<!-- Generated by org.testng.reporters.JUnitReportReporter -->
<testsuite hostname="Vivek-PC" failures="0" tests="1" name="Demo.TestNGParametersDemo" time="0.009" errors="0" timestamp="02 Sep 2019 14:23:53 GMT" skipped="0">
  <testcase classname="Demo.TestNGParametersDemo" name="test" time="0.009"/>
</testsuite> <!-- Demo.TestNGParametersDemo -->
