<?xml version="1.0" encoding="UTF-8"?>
<!-- Generated by org.testng.reporters.JUnitReportReporter -->
<testsuite hostname="Vivek-PC" failures="0" tests="1" name="test.TestNG_Demo2" time="3.454" errors="0" timestamp="05 Aug 2019 02:32:31 GMT" skipped="0">
  <testcase classname="test.TestNG_Demo2" name="googleSearch3" time="3.454"/>
</testsuite> <!-- test.TestNG_Demo2 -->
