<?xml version="1.0" encoding="UTF-8"?>
<!-- Generated by org.testng.reporters.JUnitReportReporter -->
<testsuite hostname="Vivek-PC" failures="0" tests="1" name="Demo.Test1" time="6.136" errors="0" timestamp="08 Sep 2019 15:12:59 GMT" skipped="0">
  <testcase classname="Demo.Test1" name="test1" time="6.136"/>
</testsuite> <!-- Demo.Test1 -->
