<?xml version="1.0" encoding="UTF-8"?>
<!-- Generated by org.testng.reporters.JUnitReportReporter -->
<testsuite hostname="Vivek-PC" failures="0" tests="3" name="utils.ExcelDataProvider" time="10.313" errors="0" timestamp="17 Aug 2019 19:00:14 GMT" skipped="0">
  <testcase classname="utils.ExcelDataProvider" name="test1" time="5.402"/>
  <testcase classname="utils.ExcelDataProvider" name="test1" time="2.449"/>
  <testcase classname="utils.ExcelDataProvider" name="test1" time="2.462"/>
</testsuite> <!-- utils.ExcelDataProvider -->
