<?xml version="1.0" encoding="UTF-8"?>
<!-- Generated by org.testng.reporters.JUnitReportReporter -->
<testsuite hostname="Vivek-PC" failures="0" tests="3" name="listeners.TestNGListenerDemo2" time="0.004" errors="0" timestamp="18 Aug 2019 15:21:44 GMT" skipped="1">
  <testcase classname="listeners.TestNGListenerDemo2" name="Test4" time="0.002"/>
  <testcase classname="listeners.TestNGListenerDemo2" name="Test5" time="0.001"/>
  <testcase classname="listeners.TestNGListenerDemo2" name="Test6" time="0.001">
    <skipped/>
  </testcase> <!-- Test6 -->
</testsuite> <!-- listeners.TestNGListenerDemo2 -->
