<?xml version="1.0" encoding="UTF-8"?>
<!-- Generated by org.testng.reporters.JUnitReportReporter -->
<testsuite hostname="Vivek-PC" failures="0" tests="4" name="Demo.TestNGGroupsDemo" time="0.004" errors="0" timestamp="02 Sep 2019 14:36:37 GMT" skipped="0">
  <testcase classname="Demo.TestNGGroupsDemo" name="test4" time="0.001"/>
  <testcase classname="Demo.TestNGGroupsDemo" name="test2" time="0.001"/>
  <testcase classname="Demo.TestNGGroupsDemo" name="test1" time="0.001"/>
  <testcase classname="Demo.TestNGGroupsDemo" name="test3" time="0.001"/>
</testsuite> <!-- Demo.TestNGGroupsDemo -->
