<?xml version="1.0" encoding="UTF-8"?>
<!-- Generated by org.testng.reporters.JUnitReportReporter -->
<testsuite hostname="Vivek-PC" failures="0" tests="1" name="test.TestNG_Demo" time="1.280" errors="0" timestamp="11 Aug 2019 17:06:49 GMT" skipped="0">
  <testcase classname="test.TestNG_Demo" name="googleSearch" time="1.280"/>
</testsuite> <!-- test.TestNG_Demo -->
